This is pdfTeX, Version 3.14159265-2.6-1.40.20 (TeX Live 2019/Debian) (preloaded format=pdflatex 2021.5.4)  5 MAY 2021 12:39
entering extended mode
 restricted \write18 enabled.
 %&-line parsing enabled.
**cp2021t
(./cp2021t.tex
LaTeX2e <2020-02-02> patch level 2
L3 programming layer <2020-02-14>
(/usr/share/texlive/texmf-dist/tex/latex/base/article.cls
Document Class: article 2019/12/20 v1.4l Standard LaTeX document class
(/usr/share/texlive/texmf-dist/tex/latex/base/size10.clo
File: size10.clo 2019/12/20 v1.4l Standard LaTeX file (size option)
)
\c@part=\count167
\c@section=\count168
\c@subsection=\count169
\c@subsubsection=\count170
\c@paragraph=\count171
\c@subparagraph=\count172
\c@figure=\count173
\c@table=\count174
\abovecaptionskip=\skip47
\belowcaptionskip=\skip48
\bibindent=\dimen134
)
(/usr/share/texlive/texmf-dist/tex/latex/geometry/geometry.sty
Package: geometry 2020/01/02 v5.9 Page Geometry

(/usr/share/texlive/texmf-dist/tex/latex/graphics/keyval.sty
Package: keyval 2014/10/28 v1.15 key=value parser (DPC)
\KV@toks@=\toks14
)
(/usr/share/texlive/texmf-dist/tex/generic/iftex/ifvtex.sty
Package: ifvtex 2019/10/25 v1.7 ifvtex legacy package. Use iftex instead.

(/usr/share/texlive/texmf-dist/tex/generic/iftex/iftex.sty
Package: iftex 2019/11/07 v1.0c TeX engine tests
))
\Gm@cnth=\count175
\Gm@cntv=\count176
\c@Gm@tempcnt=\count177
\Gm@bindingoffset=\dimen135
\Gm@wd@mp=\dimen136
\Gm@odd@mp=\dimen137
\Gm@even@mp=\dimen138
\Gm@layoutwidth=\dimen139
\Gm@layoutheight=\dimen140
\Gm@layouthoffset=\dimen141
\Gm@layoutvoffset=\dimen142
\Gm@dimlist=\toks15
)
(/usr/share/texlive/texmf-dist/tex/latex/psnfss/palatino.sty
Package: palatino 2005/04/12 PSNFSS-v9.2a (SPQR) 
)
(/usr/share/texlive/texmf-dist/tex/latex/hyperref/hyperref.sty
Package: hyperref 2020/01/14 v7.00d Hypertext links for LaTeX

(/usr/share/texlive/texmf-dist/tex/generic/ltxcmds/ltxcmds.sty
Package: ltxcmds 2019/12/15 v1.24 LaTeX kernel commands for general use (HO)
)
(/usr/share/texlive/texmf-dist/tex/latex/pdftexcmds/pdftexcmds.sty
Package: pdftexcmds 2019/11/24 v0.31 Utility functions of pdfTeX for LuaTeX (HO
)

(/usr/share/texlive/texmf-dist/tex/generic/infwarerr/infwarerr.sty
Package: infwarerr 2019/12/03 v1.5 Providing info/warning/error messages (HO)
)
Package pdftexcmds Info: \pdf@primitive is available.
Package pdftexcmds Info: \pdf@ifprimitive is available.
Package pdftexcmds Info: \pdfdraftmode found.
)
(/usr/share/texlive/texmf-dist/tex/generic/kvsetkeys/kvsetkeys.sty
Package: kvsetkeys 2019/12/15 v1.18 Key value parser (HO)
)
(/usr/share/texlive/texmf-dist/tex/generic/kvdefinekeys/kvdefinekeys.sty
Package: kvdefinekeys 2019-12-19 v1.6 Define keys (HO)
)
(/usr/share/texlive/texmf-dist/tex/generic/pdfescape/pdfescape.sty
Package: pdfescape 2019/12/09 v1.15 Implements pdfTeX's escape features (HO)
)
(/usr/share/texlive/texmf-dist/tex/latex/hycolor/hycolor.sty
Package: hycolor 2020-01-27 v1.10 Color options for hyperref/bookmark (HO)
)

! LaTeX Error: File `letltxmacro.sty' not found.

Type X to quit or <RETURN> to proceed,
or enter new name. (Default extension: sty)

Enter file name: 

LaTeX Warning: You have requested, on input line 132, version
               `2008/06/13' of package letltxmacro,
               but only version
               `'
               is available.

(/usr/share/texlive/texmf-dist/tex/latex/auxhook/auxhook.sty
Package: auxhook 2019-12-17 v1.6 Hooks for auxiliary files (HO)
)
(/usr/share/texlive/texmf-dist/tex/latex/kvoptions/kvoptions.sty
Package: kvoptions 2019/11/29 v3.13 Key value format for package options (HO)
)
\@linkdim=\dimen143
\Hy@linkcounter=\count178
\Hy@pagecounter=\count179

(/usr/share/texlive/texmf-dist/tex/latex/hyperref/pd1enc.def
File: pd1enc.def 2020/01/14 v7.00d Hyperref: PDFDocEncoding definition (HO)
Now handling font encoding PD1 ...
... no UTF-8 mapping file for font encoding PD1
)
(/usr/share/texlive/texmf-dist/tex/generic/intcalc/intcalc.sty
Package: intcalc 2019/12/15 v1.3 Expandable calculations with integers (HO)
)
(/usr/share/texlive/texmf-dist/tex/generic/etexcmds/etexcmds.sty
Package: etexcmds 2019/12/15 v1.7 Avoid name clashes with e-TeX commands (HO)
)
\Hy@SavedSpaceFactor=\count180
\pdfmajorversion=\count181
Package hyperref Info: Option `colorlinks' set `true' on input line 4421.
Package hyperref Info: Hyper figures OFF on input line 4547.
Package hyperref Info: Link nesting OFF on input line 4552.
Package hyperref Info: Hyper index ON on input line 4555.
Package hyperref Info: Plain pages OFF on input line 4562.
Package hyperref Info: Backreferencing OFF on input line 4567.
Package hyperref Info: Implicit mode ON; LaTeX internals redefined.
Package hyperref Info: Bookmarks ON on input line 4800.
\c@Hy@tempcnt=\count182

(/usr/share/texlive/texmf-dist/tex/latex/url/url.sty
\Urlmuskip=\muskip16
Package: url 2013/09/16  ver 3.4  Verb mode for urls, etc.
)
LaTeX Info: Redefining \url on input line 5159.
\XeTeXLinkMargin=\dimen144

(/usr/share/texlive/texmf-dist/tex/generic/bitset/bitset.sty
Package: bitset 2019/12/09 v1.3 Handle bit-vector datatype (HO)

(/usr/share/texlive/texmf-dist/tex/generic/bigintcalc/bigintcalc.sty
Package: bigintcalc 2019/12/15 v1.5 Expandable calculations on big integers (HO
)
))
\Fld@menulength=\count183
\Field@Width=\dimen145
\Fld@charsize=\dimen146
Package hyperref Info: Hyper figures OFF on input line 6430.
Package hyperref Info: Link nesting OFF on input line 6435.
Package hyperref Info: Hyper index ON on input line 6438.
Package hyperref Info: backreferencing OFF on input line 6445.
Package hyperref Info: Link coloring ON on input line 6448.
Package hyperref Info: Link coloring with OCG OFF on input line 6455.
Package hyperref Info: PDF/A mode OFF on input line 6460.

! Undefined control sequence.
l.6499 \LetLtxMacro
                   \NoHy@OrgRef\ref
? 
! Undefined control sequence.
l.6499 \LetLtxMacro\NoHy@OrgRef
                               \ref
? 
! Missing \endcsname inserted.
<to be read again> 
                   \let 
l.6500 \DeclareRobustCommand
                            *{\ref}{%
? 
! Interruption.
<to be read again> 
                   \r@ 
l.6500 \DeclareRobustCommand
                            *{\ref}{%
? 

! LaTeX Error: Missing \begin{document}.

See the LaTeX manual or LaTeX Companion for explanation.
Type  H <return>  for immediate help.
 ...                                              
                                                  
l.6500 \DeclareRobustCommand
                            *{\ref}{%
? 
! Interruption.
\GenericError  ...                                
                                                  \endgroup 
l.6500 \DeclareRobustCommand
                            *{\ref}{%
? c
Type <return> to proceed, S to scroll future error messages,
R to run without stopping, Q to run quietly,
I to insert something, E to edit your file,
H for help, X to quit.
? 
LaTeX Font Info:    Trying to load font information for OT1+ppl on input line 6
500.
(/usr/share/texlive/texmf-dist/tex/latex/psnfss/ot1ppl.fd
File: ot1ppl.fd 2001/06/04 font definitions for OT1/ppl.
)
LaTeX Font Info:    Font shape `OT1/ppl/bx/n' in size <10> not available
(Font)              Font shape `OT1/ppl/b/n' tried instead on input line 6500.


LaTeX Warning: Reference `\reserved@d ' on page 1 undefined on input line 6500.


LaTeX Info: Redefining \endcsname on input line 6500.
! Missing \endcsname inserted.
<to be read again> 
                   \protect 
l.6500 \DeclareRobustCommand
                            *{\ref}{%
? 
LaTeX Info: Redefining \ref on input line 6500.
! Missing \endcsname inserted.
<to be read again> 
                   \protect 
l.6500 \DeclareRobustCommand*{\ref}
                                   {%
? 
! Missing \endcsname inserted.
<to be read again> 
                   \protect 
l.6500 \DeclareRobustCommand*{\ref}
                                   {%
? 
! Undefined control sequence.
\reserved@c ->\NoHy@OrgRef 
                           
l.6502 }
        
? 
! Undefined control sequence.
l.6503 \LetLtxMacro
                   \NoHy@OrgPageRef\pageref
? 
! Undefined control sequence.
l.6503 \LetLtxMacro\NoHy@OrgPageRef
                                   \pageref
? 
! Missing \endcsname inserted.
<to be read again> 
                   \let 
l.6504 \DeclareRobustCommand
                            *{\pageref}{%
? 
! Missing \endcsname inserted.
<to be read again> 
                   \protect 
l.6504 \DeclareRobustCommand
                            *{\pageref}{%
? 
! Missing \endcsname inserted.
<to be read again> 
                   \protect 
l.6504 \DeclareRobustCommand
                            *{\pageref}{%
? 
! Missing \endcsname inserted.
<to be read again> 
                   \protect 
l.6504 \DeclareRobustCommand
                            *{\pageref}{%
? 
! Missing \endcsname inserted.
<to be read again> 
                   \protect 
l.6504 \DeclareRobustCommand
                            *{\pageref}{%
? 
! Missing \endcsname inserted.
<to be read again> 
                   \protect 
l.6504 \DeclareRobustCommand
                            *{\pageref}{%
? 
! Missing \endcsname inserted.
<to be read again> 
                   \protect 
l.6504 \DeclareRobustCommand
                            *{\pageref}{%
? 
! Missing \endcsname inserted.
<to be read again> 
                   \c@page 
l.6504 \DeclareRobustCommand
                            *{\pageref}{%
? 

LaTeX Warning: Reference `\reserved@d ' on page \@arabic\endcsname  \c@page  un
defined on input line 6504.

LaTeX Info: Redefining \endcsname on input line 6504.
! Missing \endcsname inserted.
<to be read again> 
                   \protect 
l.6504 \DeclareRobustCommand
                            *{\pageref}{%
? 
! Missing \endcsname inserted.
<to be read again> 
                   \protect 
l.6504 \DeclareRobustCommand
                            *{\pageref}{%
? 
! Argument of \pageref has an extra }.
<inserted text> 
                \par 
l.6504 \DeclareRobustCommand*{\pageref}
                                       {%
? 
Runaway argument?
! Paragraph ended before \pageref was complete.
<to be read again> 
                   \par 
l.6504 \DeclareRobustCommand*{\pageref}
                                       {%
? 
! Undefined control sequence.
\reserved@c ->\NoHy@OrgPageRef 
                               
l.6506 }
        
? 
! Missing \endcsname inserted.
<to be read again> 
                   \protect 
l.6631 \Hy@DisableOption{pdfusetitle}
                                     
? 
! Missing \endcsname inserted.
<to be read again> 
                   \protect 
l.6631 \Hy@DisableOption{pdfusetitle}
                                     
? 
! Missing \endcsname inserted.
<to be read again> 
                   \protect 
l.6631 \Hy@DisableOption{pdfusetitle}
                                     
? 
! Missing \endcsname inserted.
<to be read again> 
                   \protect 
l.6631 \Hy@DisableOption{pdfusetitle}
                                     
? 
! Missing \endcsname inserted.
<to be read again> 
                   \protect 
l.6631 \Hy@DisableOption{pdfusetitle}
                                     
? 
! Missing \endcsname inserted.
<to be read again> 
                   \protect 
l.6657 \RequirePackage{atbegshi}[2007/09/09]
                                            
? 
! Missing \endcsname inserted.
<to be read again> 
                   \protect 
l.6657 \RequirePackage{atbegshi}[2007/09/09]
                                            
? 
! Missing \endcsname inserted.
<to be read again> 
                   \protect 
l.6657 \RequirePackage{atbegshi}[2007/09/09]
                                            
? 
! Missing \endcsname inserted.
<to be read again> 
                   \protect 
l.6657 \RequirePackage{atbegshi}[2007/09/09]
                                            
? 
! Missing \endcsname inserted.
<to be read again> 
                   \protect 
l.6657 \RequirePackage{atbegshi}[2007/09/09]
                                            
? 
! Missing \endcsname inserted.
<to be read again> 
                   \protect 
l.6657 \RequirePackage{atbegshi}[2007/09/09]
                                            
? 
! Missing endcsname inserted.
<to be read again> 
                   protect 
l.6657 \RequirePackage{atbegshi}[2007/09/09]
                                            
? 

! LaTeX Error: Missing \begin{document}.

See the LaTeX manual or LaTeX Companion for explanation.
Type  H <return>  for immediate help.
 ...                                              
                                                  
l.6657 \RequirePackage{atbegshi}[2007/09/09]
                                            
? 
(/usr/share/texlive/texmf-dist/tex/generic/atbegshi/atbegshi.sty
! Missing \endcsname inserted.
<to be read again> 
                   \protect 
l.56 ...dafter\x\csname ver@atbegshi.sty\endcsname
                                                  
? 
! Missing \endcsname inserted.
<to be read again> 
                   \protect 
l.92 ...after\ifx\csname ProvidesPackage\endcsname
                                                  \relax
? 
! Missing \endcsname inserted.
<to be read again> 
                   \protect 
l.108 ...after\x\csname ver@atbegshi.sty\endcsname
                                                  
? 
! Missing \endcsname inserted.
<to be read again> 
                   \protect 
l.110 ...9/12/05 v1.19 At begin shipout hook (HO)]
                                                  %
? 
Package: atbegshi 2019/12/05 v1.19 At begin shipout hook (HO)
! Missing \endcsname inserted.
<to be read again> 
                   \protect 
l.129 \x
        \catcode61\catcode48\catcode32=10\relax%
? 
! Use of \AtBegShi@AtEnd doesn't match its definition.
\TMP@EnsureCode ...tEnd {\AtBegShi@AtEnd \catcode 
                                                  #1=\the \catcode #1\relax ...
l.143 \TMP@EnsureCode{40}{12}
                             % (
? 
! Missing \endcsname inserted.
<to be read again> 
                   \protect 
l.156 ...after\ifx\csname RequirePackage\endcsname
                                                  \relax
? 
! Missing \endcsname inserted.
<to be read again> 
                   \protect 
l.166   \RequirePackage{infwarerr}[2007/09/09]
                                              %
? exit
 
Here is how much of TeX's memory you used:
 3848 strings out of 483107
 58454 string characters out of 5964631
 309275 words of memory out of 5000000
 18873 multiletter control sequences out of 15000+600000
 533145 words of font info for 26 fonts, out of 8000000 for 9000
 59 hyphenation exceptions out of 8191
 33i,2n,29p,205b,107s stack positions out of 5000i,500n,10000p,200000b,80000s
No pages of output.
PDF statistics:
 0 PDF objects out of 1000 (max. 8388607)
 0 named destinations out of 1000 (max. 500000)
 1 words of extra memory for PDF output out of 10000 (max. 10000000)

